#
# There is insufficient memory for the Java Runtime Environment to continue.
# Native memory allocation (mmap) failed to map 230686720 bytes for G1 virtual space
# Possible reasons:
#   The system is out of physical RAM or swap space
#   The process is running with CompressedOops enabled, and the Java Heap may be blocking the growth of the native heap
# Possible solutions:
#   Reduce memory load on the system
#   Increase physical memory or swap space
#   Check if swap backing store is full
#   Decrease Java heap size (-Xmx/-Xms)
#   Decrease number of Java threads
#   Decrease Java thread stack sizes (-Xss)
#   Set larger code cache with -XX:ReservedCodeCacheSize=
#   JVM is running with Zero Based Compressed Oops mode in which the Java heap is
#     placed in the first 32GB address space. The Java Heap base address is the
#     maximum limit for the native heap growth. Please use -XX:HeapBaseMinAddress
#     to set the Java Heap base and to place the Java Heap above 32GB virtual address.
# This output file may be truncated or incomplete.
#
#  Out of Memory Error (os_windows.cpp:3825), pid=27216, tid=21996
#
# JRE version:  (17.0.10+1) (build )
# Java VM: OpenJDK 64-Bit Server VM (17.0.10+1-b1087.17, mixed mode, sharing, tiered, compressed oops, compressed class ptrs, g1 gc, windows-amd64)
# No core dump will be written. Minidumps are not enabled by default on client versions of Windows
#

---------------  S U M M A R Y ------------

Command Line: -Dfile.encoding=GBK E:\HarmonyOs\DevEco Studio\sdk\HarmonyOS-NEXT-DB2\openharmony\toolchains\lib\app_packing_tool.jar --mode hap --force true --lib-path C:\Users\riyuexingchen\DevEcoStudioProjects\MyApplication\entry\build\default\intermediates\stripped_native_libs\default --json-path C:\Users\riyuexingchen\DevEcoStudioProjects\MyApplication\entry\build\default\intermediates\package\default\module.json --resources-path C:\Users\riyuexingchen\DevEcoStudioProjects\MyApplication\entry\build\default\intermediates\res\default\resources --index-path C:\Users\riyuexingchen\DevEcoStudioProjects\MyApplication\entry\build\default\intermediates\res\default\resources.index --pack-info-path C:\Users\riyuexingchen\DevEcoStudioProjects\MyApplication\entry\build\default\outputs\default\pack.info --out-path C:\Users\riyuexingchen\DevEcoStudioProjects\MyApplication\entry\build\default\outputs\default\entry-default-unsigned.hap --ets-path C:\Users\riyuexingchen\DevEcoStudioProjects\MyApplication\entry\build\default\intermediates\loader_out\default\ets

Host: 13th Gen Intel(R) Core(TM) i9-13900HX, 32 cores, 13G,  Windows 11 , 64 bit Build 22621 (10.0.22621.3958)
Time: Sun Sep  1 20:52:46 2024  Windows 11 , 64 bit Build 22621 (10.0.22621.3958) elapsed time: 0.009312 seconds (0d 0h 0m 0s)

---------------  T H R E A D  ---------------

Current thread (0x000001d63fdefb90):  JavaThread "Unknown thread" [_thread_in_vm, id=21996, stack(0x0000004382900000,0x0000004382a00000)]

Stack: [0x0000004382900000,0x0000004382a00000]
Native frames: (J=compiled Java code, j=interpreted, Vv=VM code, C=native code)
V  [jvm.dll+0x688ac9]
V  [jvm.dll+0x84220a]
V  [jvm.dll+0x843e4e]
V  [jvm.dll+0x8444b3]
V  [jvm.dll+0x24ba8f]
V  [jvm.dll+0x685899]
V  [jvm.dll+0x67a14a]
V  [jvm.dll+0x30c7eb]
V  [jvm.dll+0x313c96]
V  [jvm.dll+0x363a2e]
V  [jvm.dll+0x363c5f]
V  [jvm.dll+0x2e25b8]
V  [jvm.dll+0x2e3524]
V  [jvm.dll+0x812d71]
V  [jvm.dll+0x3718e1]
V  [jvm.dll+0x7f18d6]
V  [jvm.dll+0x3f553f]
V  [jvm.dll+0x3f7171]
C  [jli.dll+0x528f]
C  [ucrtbase.dll+0x29333]
C  [KERNEL32.DLL+0x1257d]
C  [ntdll.dll+0x5af28]


---------------  P R O C E S S  ---------------

Threads class SMR info:
_java_thread_list=0x00007fffef16ef58, length=0, elements={
}

Java Threads: ( => current thread )

Other Threads:
  0x000001d63fe54500 GCTaskThread "GC Thread#0" [stack: 0x0000004382a00000,0x0000004382b00000] [id=592]
  0x000001d63fe62e00 ConcurrentGCThread "G1 Main Marker" [stack: 0x0000004382b00000,0x0000004382c00000] [id=29836]
  0x000001d63fe645e0 ConcurrentGCThread "G1 Conc#0" [stack: 0x0000004382c00000,0x0000004382d00000] [id=17380]

[error occurred during error reporting (printing all threads), id 0xc0000005, EXCEPTION_ACCESS_VIOLATION (0xc0000005) at pc=0x00007fffee923187]

VM state: not at safepoint (not fully initialized)

VM Mutex/Monitor currently owned by a thread:  ([mutex/lock_event])
[0x000001d63fdec570] Heap_lock - owner thread: 0x000001d63fdefb90

Heap address: 0x0000000724c00000, size: 3508 MB, Compressed Oops mode: Zero based, Oop shift amount: 3

CDS archive(s) mapped at: [0x0000000000000000-0x0000000000000000-0x0000000000000000), size 0, SharedBaseAddress: 0x0000000800000000, ArchiveRelocationMode: 1.
Narrow klass base: 0x0000000000000000, Narrow klass shift: 0, Narrow klass range: 0x0

GC Precious Log:
<Empty>

Heap:
 garbage-first heap   total 0K, used 0K [0x0000000724c00000, 0x0000000800000000)
  region size 2048K, 0 young (0K), 0 survivors (0K)
 Metaspace       used 0K, committed 0K, reserved 0K
  class space    used 0K, committed 0K, reserved 0K

Heap Regions: E=young(eden), S=young(survivor), O=old, HS=humongous(starts), HC=humongous(continues), CS=collection set, F=free, OA=open archive, CA=closed archive, TAMS=top-at-mark-start (previous, next)

Card table byte_map: [0x000001d653f70000,0x000001d654650000] _byte_map_base: 0x000001d65064a000

Marking Bits (Prev, Next): (CMBitMap*) 0x000001d63fe548d0, (CMBitMap*) 0x000001d63fe54910
 Prev Bits: [0x000001d654d30000, 0x000001d658400000)
 Next Bits: [0x000001d658400000, 0x000001d65bad0000)

GC Heap History (0 events):
No events

Dll operation events (1 events):
Event: 0.006 Loaded shared library E:\HarmonyOs\DevEco Studio\jbr\bin\java.dll

Deoptimization events (0 events):
No events

Classes unloaded (0 events):
No events

Classes redefined (0 events):
No events

Internal exceptions (0 events):
No events

VM Operations (0 events):
No events

Events (0 events):
No events


Dynamic libraries:
0x00007ff61e810000 - 0x00007ff61e81a000 	E:\HarmonyOs\DevEco Studio\jbr\bin\java.exe
0x00007ff899f70000 - 0x00007ff89a187000 	C:\windows\SYSTEM32\ntdll.dll
0x00007ff899730000 - 0x00007ff8997f4000 	C:\windows\System32\KERNEL32.DLL
0x00007ff8975a0000 - 0x00007ff89794d000 	C:\windows\System32\KERNELBASE.dll
0x00007ff8972c0000 - 0x00007ff8973d1000 	C:\windows\System32\ucrtbase.dll
0x00007ff87d1f0000 - 0x00007ff87d207000 	E:\HarmonyOs\DevEco Studio\jbr\bin\jli.dll
0x00007ff874850000 - 0x00007ff87486b000 	E:\HarmonyOs\DevEco Studio\jbr\bin\VCRUNTIME140.dll
0x00007ff899510000 - 0x00007ff8996be000 	C:\windows\System32\USER32.dll
0x00007ff897b00000 - 0x00007ff897b26000 	C:\windows\System32\win32u.dll
0x00007ff8994e0000 - 0x00007ff899509000 	C:\windows\System32\GDI32.dll
0x00007ff878c50000 - 0x00007ff878ee3000 	C:\windows\WinSxS\amd64_microsoft.windows.common-controls_6595b64144ccf1df_6.0.22621.3672_none_2713b9d173822955\COMCTL32.dll
0x00007ff8973e0000 - 0x00007ff8974f9000 	C:\windows\System32\gdi32full.dll
0x00007ff898ab0000 - 0x00007ff898b57000 	C:\windows\System32\msvcrt.dll
0x00007ff897500000 - 0x00007ff89759a000 	C:\windows\System32\msvcp_win.dll
0x00007ff899ef0000 - 0x00007ff899f21000 	C:\windows\System32\IMM32.DLL
0x00007ff86a9a0000 - 0x00007ff86a9ac000 	E:\HarmonyOs\DevEco Studio\jbr\bin\vcruntime140_1.dll
0x00007ff863cf0000 - 0x00007ff863d7d000 	E:\HarmonyOs\DevEco Studio\jbr\bin\msvcp140.dll
0x00007fffee630000 - 0x00007fffef2b3000 	E:\HarmonyOs\DevEco Studio\jbr\bin\server\jvm.dll
0x00007ff899820000 - 0x00007ff8998d2000 	C:\windows\System32\ADVAPI32.dll
0x00007ff898bf0000 - 0x00007ff898c99000 	C:\windows\System32\sechost.dll
0x00007ff897290000 - 0x00007ff8972b8000 	C:\windows\System32\bcrypt.dll
0x00007ff8999e0000 - 0x00007ff899af4000 	C:\windows\System32\RPCRT4.dll
0x00007ff878010000 - 0x00007ff878019000 	C:\windows\SYSTEM32\WSOCK32.dll
0x00007ff8960e0000 - 0x00007ff89612d000 	C:\windows\SYSTEM32\POWRPROF.dll
0x00007ff898cb0000 - 0x00007ff898d21000 	C:\windows\System32\WS2_32.dll
0x00007ff890b70000 - 0x00007ff890ba4000 	C:\windows\SYSTEM32\WINMM.dll
0x00007ff88e820000 - 0x00007ff88e82a000 	C:\windows\SYSTEM32\VERSION.dll
0x00007ff8960c0000 - 0x00007ff8960d3000 	C:\windows\SYSTEM32\UMPDC.dll
0x00007ff896310000 - 0x00007ff896328000 	C:\windows\SYSTEM32\kernel.appcore.dll
0x00007ff865d90000 - 0x00007ff865d9a000 	E:\HarmonyOs\DevEco Studio\jbr\bin\jimage.dll
0x00007ff894a90000 - 0x00007ff894cc2000 	C:\windows\SYSTEM32\DBGHELP.DLL
0x00007ff899b60000 - 0x00007ff899eed000 	C:\windows\System32\combase.dll
0x00007ff898f80000 - 0x00007ff899057000 	C:\windows\System32\OLEAUT32.dll
0x00007ff86f4e0000 - 0x00007ff86f512000 	C:\windows\SYSTEM32\dbgcore.DLL
0x00007ff897a80000 - 0x00007ff897afb000 	C:\windows\System32\bcryptPrimitives.dll
0x00007ff83fdf0000 - 0x00007ff83fe15000 	E:\HarmonyOs\DevEco Studio\jbr\bin\java.dll

dbghelp: loaded successfully - version: 4.0.5 - missing functions: none
symbol engine: initialized successfully - sym options: 0x614 - pdb path: .;E:\HarmonyOs\DevEco Studio\jbr\bin;C:\windows\SYSTEM32;C:\windows\WinSxS\amd64_microsoft.windows.common-controls_6595b64144ccf1df_6.0.22621.3672_none_2713b9d173822955;E:\HarmonyOs\DevEco Studio\jbr\bin\server

VM Arguments:
jvm_args: -Dfile.encoding=GBK 
java_command: E:\HarmonyOs\DevEco Studio\sdk\HarmonyOS-NEXT-DB2\openharmony\toolchains\lib\app_packing_tool.jar --mode hap --force true --lib-path C:\Users\riyuexingchen\DevEcoStudioProjects\MyApplication\entry\build\default\intermediates\stripped_native_libs\default --json-path C:\Users\riyuexingchen\DevEcoStudioProjects\MyApplication\entry\build\default\intermediates\package\default\module.json --resources-path C:\Users\riyuexingchen\DevEcoStudioProjects\MyApplication\entry\build\default\intermediates\res\default\resources --index-path C:\Users\riyuexingchen\DevEcoStudioProjects\MyApplication\entry\build\default\intermediates\res\default\resources.index --pack-info-path C:\Users\riyuexingchen\DevEcoStudioProjects\MyApplication\entry\build\default\outputs\default\pack.info --out-path C:\Users\riyuexingchen\DevEcoStudioProjects\MyApplication\entry\build\default\outputs\default\entry-default-unsigned.hap --ets-path C:\Users\riyuexingchen\DevEcoStudioProjects\MyApplication\entry\build\default\intermediates\loader_out\default\ets
java_class_path (initial): E:\HarmonyOs\DevEco Studio\sdk\HarmonyOS-NEXT-DB2\openharmony\toolchains\lib\app_packing_tool.jar
Launcher Type: SUN_STANDARD

[Global flags]
     intx CICompilerCount                          = 15                                        {product} {ergonomic}
     uint ConcGCThreads                            = 6                                         {product} {ergonomic}
     uint G1ConcRefinementThreads                  = 23                                        {product} {ergonomic}
   size_t G1HeapRegionSize                         = 2097152                                   {product} {ergonomic}
    uintx GCDrainStackTargetSize                   = 64                                        {product} {ergonomic}
   size_t InitialHeapSize                          = 230686720                                 {product} {ergonomic}
   size_t MarkStackSize                            = 4194304                                   {product} {ergonomic}
   size_t MaxHeapSize                              = 3678404608                                {product} {ergonomic}
   size_t MinHeapDeltaBytes                        = 2097152                                   {product} {ergonomic}
   size_t MinHeapSize                              = 8388608                                   {product} {ergonomic}
    uintx NonNMethodCodeHeapSize                   = 8192380                                {pd product} {ergonomic}
    uintx NonProfiledCodeHeapSize                  = 121732930                              {pd product} {ergonomic}
    uintx ProfiledCodeHeapSize                     = 121732930                              {pd product} {ergonomic}
    uintx ReservedCodeCacheSize                    = 251658240                              {pd product} {ergonomic}
     bool SegmentedCodeCache                       = true                                      {product} {ergonomic}
   size_t SoftMaxHeapSize                          = 3678404608                             {manageable} {ergonomic}
     bool UseCompressedClassPointers               = true                           {product lp64_product} {ergonomic}
     bool UseCompressedOops                        = true                           {product lp64_product} {ergonomic}
     bool UseG1GC                                  = true                                      {product} {ergonomic}
     bool UseLargePagesIndividualAllocation        = false                                  {pd product} {ergonomic}

Logging:
Log output configuration:
 #0: stdout all=warning uptime,level,tags
 #1: stderr all=off uptime,level,tags

Environment Variables:
JAVA_HOME=E:\HarmonyOs\DevEco Studio\jbr
PATH=E:\HarmonyOs\DevEco Studio\tools\node;E:\HarmonyOs\DevEco Studio\jbr\bin;E:\yunyuansheng\bin\;C:\Program Files\Microsoft\jdk-11.0.16.101-hotspot\bin;C:\windows\system32;C:\windows;C:\windows\System32\Wbem;C:\windows\System32\WindowsPowerShell\v1.0\;C:\windows\System32\OpenSSH\;C:\Program Files\NVIDIA Corporation\NVIDIA NvDLISR;C:\Users\Administrator\AppData\Local\Microsoft\WindowsApps;C:\Program Files\HP\OMEN-Broadcast\Common;D:\Windows Kits\10\Windows Performance Toolkit\;D:\EasyShare\x86\;D:\EasyShare\x64\;C:\Program Files (x86)\NVIDIA Corporation\PhysX\Common;D:\;E:\MySQL\MySQL Server 8.0\bin;E:\MySQL\MySQL Shell 8.0\bin\;C:\Users\riyuexingchen\AppData\Local\Microsoft\WindowsApps;C:\Users\riyuexingchen\AppData\Roaming\npm
USERNAME=riyuexingchen
OS=Windows_NT
PROCESSOR_IDENTIFIER=Intel64 Family 6 Model 183 Stepping 1, GenuineIntel
TMP=C:\Users\RIYUEX~1\AppData\Local\Temp
TEMP=C:\Users\RIYUEX~1\AppData\Local\Temp



Periodic native trim disabled

JNI global refs:
JNI global refs: 0, weak refs: 0

JNI global refs memory usage: 0, weak refs: 0

OOME stack traces (most recent first):
Classloader memory used:


---------------  S Y S T E M  ---------------

OS:
 Windows 11 , 64 bit Build 22621 (10.0.22621.3958)
OS uptime: 0 days 4:56 hours
Hyper-V role detected

CPU: total 32 (initial active 32) (16 cores per cpu, 2 threads per core) family 6 model 183 stepping 1 microcode 0x123, cx8, cmov, fxsr, ht, mmx, 3dnowpref, sse, sse2, sse3, ssse3, sse4.1, sse4.2, popcnt, lzcnt, tsc, tscinvbit, avx, avx2, aes, erms, clmul, bmi1, bmi2, adx, sha, fma, vzeroupper, clflush, clflushopt, clwb, hv
Processor Information for processor 0
  Max Mhz: 2200, Current Mhz: 2200, Mhz Limit: 2200
Processor Information for processor 1
  Max Mhz: 2200, Current Mhz: 2200, Mhz Limit: 2200
Processor Information for processor 2
  Max Mhz: 2200, Current Mhz: 2200, Mhz Limit: 2200
Processor Information for processor 3
  Max Mhz: 2200, Current Mhz: 2200, Mhz Limit: 2200
Processor Information for processor 4
  Max Mhz: 2200, Current Mhz: 2200, Mhz Limit: 2200
Processor Information for processor 5
  Max Mhz: 2200, Current Mhz: 2200, Mhz Limit: 2200
Processor Information for processor 6
  Max Mhz: 2200, Current Mhz: 2200, Mhz Limit: 2200
Processor Information for processor 7
  Max Mhz: 2200, Current Mhz: 2200, Mhz Limit: 2200
Processor Information for processor 8
  Max Mhz: 2200, Current Mhz: 2200, Mhz Limit: 2200
Processor Information for processor 9
  Max Mhz: 2200, Current Mhz: 2200, Mhz Limit: 2200
Processor Information for processor 10
  Max Mhz: 2200, Current Mhz: 2200, Mhz Limit: 2200
Processor Information for processor 11
  Max Mhz: 2200, Current Mhz: 2200, Mhz Limit: 2200
Processor Information for processor 12
  Max Mhz: 2200, Current Mhz: 2200, Mhz Limit: 2200
Processor Information for processor 13
  Max Mhz: 2200, Current Mhz: 2200, Mhz Limit: 2200
Processor Information for processor 14
  Max Mhz: 2200, Current Mhz: 2200, Mhz Limit: 2200
Processor Information for processor 15
  Max Mhz: 2200, Current Mhz: 2200, Mhz Limit: 2200
Processor Information for processor 16
  Max Mhz: 2200, Current Mhz: 2200, Mhz Limit: 2200
Processor Information for processor 17
  Max Mhz: 2200, Current Mhz: 2200, Mhz Limit: 2200
Processor Information for processor 18
  Max Mhz: 2200, Current Mhz: 2200, Mhz Limit: 2200
Processor Information for processor 19
  Max Mhz: 2200, Current Mhz: 2200, Mhz Limit: 2200
Processor Information for processor 20
  Max Mhz: 2200, Current Mhz: 1512, Mhz Limit: 2200
Processor Information for processor 21
  Max Mhz: 2200, Current Mhz: 2200, Mhz Limit: 2200
Processor Information for processor 22
  Max Mhz: 2200, Current Mhz: 2200, Mhz Limit: 2200
Processor Information for processor 23
  Max Mhz: 2200, Current Mhz: 1512, Mhz Limit: 2200
Processor Information for processor 24
  Max Mhz: 2200, Current Mhz: 2200, Mhz Limit: 2200
Processor Information for processor 25
  Max Mhz: 2200, Current Mhz: 2200, Mhz Limit: 2200
Processor Information for processor 26
  Max Mhz: 2200, Current Mhz: 2200, Mhz Limit: 2200
Processor Information for processor 27
  Max Mhz: 2200, Current Mhz: 2200, Mhz Limit: 2200
Processor Information for processor 28
  Max Mhz: 2200, Current Mhz: 2200, Mhz Limit: 2200
Processor Information for processor 29
  Max Mhz: 2200, Current Mhz: 2200, Mhz Limit: 2200
Processor Information for processor 30
  Max Mhz: 2200, Current Mhz: 2200, Mhz Limit: 2200
Processor Information for processor 31
  Max Mhz: 2200, Current Mhz: 2200, Mhz Limit: 2200

Memory: 4k page, system-wide physical 14029M (479M free)
TotalPageFile size 29389M (AvailPageFile size 61M)
current process WorkingSet (physical memory assigned to process): 11M, peak: 11M
current process commit charge ("private bytes"): 91M, peak: 311M

vm_info: OpenJDK 64-Bit Server VM (17.0.10+1-b1087.17) for windows-amd64 JRE (17.0.10+1-b1087.17), built on 2024-01-19 by "builduser" with MS VC++ 16.10 / 16.11 (VS2019)

END.
