#
# There is insufficient memory for the Java Runtime Environment to continue.
# Native memory allocation (mmap) failed to map 230686720 bytes for G1 virtual space
# Possible reasons:
#   The system is out of physical RAM or swap space
#   The process is running with CompressedOops enabled, and the Java Heap may be blocking the growth of the native heap
# Possible solutions:
#   Reduce memory load on the system
#   Increase physical memory or swap space
#   Check if swap backing store is full
#   Decrease Java heap size (-Xmx/-Xms)
#   Decrease number of Java threads
#   Decrease Java thread stack sizes (-Xss)
#   Set larger code cache with -XX:ReservedCodeCacheSize=
#   JVM is running with Zero Based Compressed Oops mode in which the Java heap is
#     placed in the first 32GB address space. The Java Heap base address is the
#     maximum limit for the native heap growth. Please use -XX:HeapBaseMinAddress
#     to set the Java Heap base and to place the Java Heap above 32GB virtual address.
# This output file may be truncated or incomplete.
#
#  Out of Memory Error (os_windows.cpp:3825), pid=6848, tid=25488
#
# JRE version:  (17.0.10+1) (build )
# Java VM: OpenJDK 64-Bit Server VM (17.0.10+1-b1087.17, mixed mode, sharing, tiered, compressed oops, compressed class ptrs, g1 gc, windows-amd64)
# No core dump will be written. Minidumps are not enabled by default on client versions of Windows
#

---------------  S U M M A R Y ------------

Command Line: -Dfile.encoding=GBK E:\HarmonyOs\DevEco Studio\sdk\HarmonyOS-NEXT-DB2\openharmony\toolchains\lib\app_packing_tool.jar --mode hap --force true --lib-path C:\Users\riyuexingchen\DevEcoStudioProjects\MyApplication\entry\build\default\intermediates\stripped_native_libs\default --json-path C:\Users\riyuexingchen\DevEcoStudioProjects\MyApplication\entry\build\default\intermediates\package\default\module.json --resources-path C:\Users\riyuexingchen\DevEcoStudioProjects\MyApplication\entry\build\default\intermediates\res\default\resources --index-path C:\Users\riyuexingchen\DevEcoStudioProjects\MyApplication\entry\build\default\intermediates\res\default\resources.index --pack-info-path C:\Users\riyuexingchen\DevEcoStudioProjects\MyApplication\entry\build\default\outputs\default\pack.info --out-path C:\Users\riyuexingchen\DevEcoStudioProjects\MyApplication\entry\build\default\outputs\default\entry-default-unsigned.hap --ets-path C:\Users\riyuexingchen\DevEcoStudioProjects\MyApplication\entry\build\default\intermediates\loader_out\default\ets

Host: 13th Gen Intel(R) Core(TM) i9-13900HX, 32 cores, 13G,  Windows 11 , 64 bit Build 22621 (10.0.22621.3958)
Time: Tue Sep  3 21:57:22 2024  Windows 11 , 64 bit Build 22621 (10.0.22621.3958) elapsed time: 0.006517 seconds (0d 0h 0m 0s)

---------------  T H R E A D  ---------------

Current thread (0x0000021bc2e21920):  JavaThread "Unknown thread" [_thread_in_vm, id=25488, stack(0x000000b048000000,0x000000b048100000)]

Stack: [0x000000b048000000,0x000000b048100000]
Native frames: (J=compiled Java code, j=interpreted, Vv=VM code, C=native code)
V  [jvm.dll+0x688ac9]
V  [jvm.dll+0x84220a]
V  [jvm.dll+0x843e4e]
V  [jvm.dll+0x8444b3]
V  [jvm.dll+0x24ba8f]
V  [jvm.dll+0x685899]
V  [jvm.dll+0x67a14a]
V  [jvm.dll+0x30c7eb]
V  [jvm.dll+0x313c96]
V  [jvm.dll+0x363a2e]
V  [jvm.dll+0x363c5f]
V  [jvm.dll+0x2e25b8]
V  [jvm.dll+0x2e3524]
V  [jvm.dll+0x812d71]
V  [jvm.dll+0x3718e1]
V  [jvm.dll+0x7f18d6]
V  [jvm.dll+0x3f553f]
V  [jvm.dll+0x3f7171]
C  [jli.dll+0x528f]
C  [ucrtbase.dll+0x29333]
C  [KERNEL32.DLL+0x1257d]
C  [ntdll.dll+0x5af28]


---------------  P R O C E S S  ---------------

Threads class SMR info:
_java_thread_list=0x00007ffc96a2ef58, length=0, elements={
}

Java Threads: ( => current thread )

Other Threads:
  0x0000021bc2e863f0 GCTaskThread "GC Thread#0" [stack: 0x000000b048100000,0x000000b048200000] [id=4652]
  0x0000021bc2e94cf0 ConcurrentGCThread "G1 Main Marker" [stack: 0x000000b048200000,0x000000b048300000] [id=7048]
  0x0000021bc2e954c0 ConcurrentGCThread "G1 Conc#0" [stack: 0x000000b048300000,0x000000b048400000] [id=22644]

[error occurred during error reporting (printing all threads), id 0xc0000005, EXCEPTION_ACCESS_VIOLATION (0xc0000005) at pc=0x00007ffc961e3187]

VM state: not at safepoint (not fully initialized)

VM Mutex/Monitor currently owned by a thread:  ([mutex/lock_event])
[0x0000021bc2e1dc30] Heap_lock - owner thread: 0x0000021bc2e21920

Heap address: 0x0000000724c00000, size: 3508 MB, Compressed Oops mode: Zero based, Oop shift amount: 3

CDS archive(s) mapped at: [0x0000000000000000-0x0000000000000000-0x0000000000000000), size 0, SharedBaseAddress: 0x0000000800000000, ArchiveRelocationMode: 1.
Narrow klass base: 0x0000000000000000, Narrow klass shift: 0, Narrow klass range: 0x0

GC Precious Log:
<Empty>

Heap:
 garbage-first heap   total 0K, used 0K [0x0000000724c00000, 0x0000000800000000)
  region size 2048K, 0 young (0K), 0 survivors (0K)
 Metaspace       used 0K, committed 0K, reserved 0K
  class space    used 0K, committed 0K, reserved 0K

Heap Regions: E=young(eden), S=young(survivor), O=old, HS=humongous(starts), HC=humongous(continues), CS=collection set, F=free, OA=open archive, CA=closed archive, TAMS=top-at-mark-start (previous, next)

Card table byte_map: [0x0000021bd6fb0000,0x0000021bd7690000] _byte_map_base: 0x0000021bd368a000

Marking Bits (Prev, Next): (CMBitMap*) 0x0000021bc2e867c0, (CMBitMap*) 0x0000021bc2e86800
 Prev Bits: [0x0000021bd7d70000, 0x0000021bdb440000)
 Next Bits: [0x0000021bdb440000, 0x0000021bdeb10000)

GC Heap History (0 events):
No events

Dll operation events (1 events):
Event: 0.004 Loaded shared library E:\HarmonyOs\DevEco Studio\jbr\bin\java.dll

Deoptimization events (0 events):
No events

Classes unloaded (0 events):
No events

Classes redefined (0 events):
No events

Internal exceptions (0 events):
No events

VM Operations (0 events):
No events

Events (0 events):
No events


Dynamic libraries:
0x00007ff771c60000 - 0x00007ff771c6a000 	E:\HarmonyOs\DevEco Studio\jbr\bin\java.exe
0x00007ffd05c90000 - 0x00007ffd05ea7000 	C:\windows\SYSTEM32\ntdll.dll
0x00007ffd04580000 - 0x00007ffd04644000 	C:\windows\System32\KERNEL32.DLL
0x00007ffd03130000 - 0x00007ffd034dd000 	C:\windows\System32\KERNELBASE.dll
0x00007ffd034e0000 - 0x00007ffd035f1000 	C:\windows\System32\ucrtbase.dll
0x00007ffcf9b60000 - 0x00007ffcf9b77000 	E:\HarmonyOs\DevEco Studio\jbr\bin\jli.dll
0x00007ffcf97a0000 - 0x00007ffcf97bb000 	E:\HarmonyOs\DevEco Studio\jbr\bin\VCRUNTIME140.dll
0x00007ffd03a30000 - 0x00007ffd03bde000 	C:\windows\System32\USER32.dll
0x00007ffd02fe0000 - 0x00007ffd03006000 	C:\windows\System32\win32u.dll
0x00007ffce0060000 - 0x00007ffce02f3000 	C:\windows\WinSxS\amd64_microsoft.windows.common-controls_6595b64144ccf1df_6.0.22621.3672_none_2713b9d173822955\COMCTL32.dll
0x00007ffd03c20000 - 0x00007ffd03c49000 	C:\windows\System32\GDI32.dll
0x00007ffd03010000 - 0x00007ffd03129000 	C:\windows\System32\gdi32full.dll
0x00007ffd05b80000 - 0x00007ffd05c27000 	C:\windows\System32\msvcrt.dll
0x00007ffd03600000 - 0x00007ffd0369a000 	C:\windows\System32\msvcp_win.dll
0x00007ffd03be0000 - 0x00007ffd03c11000 	C:\windows\System32\IMM32.DLL
0x00007ffcfc620000 - 0x00007ffcfc62c000 	E:\HarmonyOs\DevEco Studio\jbr\bin\vcruntime140_1.dll
0x00007ffcc15a0000 - 0x00007ffcc162d000 	E:\HarmonyOs\DevEco Studio\jbr\bin\msvcp140.dll
0x00007ffc95ef0000 - 0x00007ffc96b73000 	E:\HarmonyOs\DevEco Studio\jbr\bin\server\jvm.dll
0x00007ffd05040000 - 0x00007ffd050f2000 	C:\windows\System32\ADVAPI32.dll
0x00007ffd04650000 - 0x00007ffd046f9000 	C:\windows\System32\sechost.dll
0x00007ffd02fb0000 - 0x00007ffd02fd8000 	C:\windows\System32\bcrypt.dll
0x00007ffd04a30000 - 0x00007ffd04b44000 	C:\windows\System32\RPCRT4.dll
0x00007ffd01e00000 - 0x00007ffd01e4d000 	C:\windows\SYSTEM32\POWRPROF.dll
0x00007ffcfab60000 - 0x00007ffcfab6a000 	C:\windows\SYSTEM32\VERSION.dll
0x00007ffcfcc60000 - 0x00007ffcfcc94000 	C:\windows\SYSTEM32\WINMM.dll
0x00007ffce3090000 - 0x00007ffce3099000 	C:\windows\SYSTEM32\WSOCK32.dll
0x00007ffd05a00000 - 0x00007ffd05a71000 	C:\windows\System32\WS2_32.dll
0x00007ffd01de0000 - 0x00007ffd01df3000 	C:\windows\SYSTEM32\UMPDC.dll
0x00007ffd02090000 - 0x00007ffd020a8000 	C:\windows\SYSTEM32\kernel.appcore.dll
0x00007ffcc6660000 - 0x00007ffcc666a000 	E:\HarmonyOs\DevEco Studio\jbr\bin\jimage.dll
0x00007ffd00760000 - 0x00007ffd00992000 	C:\windows\SYSTEM32\DBGHELP.DLL
0x00007ffd04b50000 - 0x00007ffd04edd000 	C:\windows\System32\combase.dll
0x00007ffd04f60000 - 0x00007ffd05037000 	C:\windows\System32\OLEAUT32.dll
0x00007ffcdb1b0000 - 0x00007ffcdb1e2000 	C:\windows\SYSTEM32\dbgcore.DLL
0x00007ffd03940000 - 0x00007ffd039bb000 	C:\windows\System32\bcryptPrimitives.dll
0x00007ffcb5eb0000 - 0x00007ffcb5ed5000 	E:\HarmonyOs\DevEco Studio\jbr\bin\java.dll

dbghelp: loaded successfully - version: 4.0.5 - missing functions: none
symbol engine: initialized successfully - sym options: 0x614 - pdb path: .;E:\HarmonyOs\DevEco Studio\jbr\bin;C:\windows\SYSTEM32;C:\windows\WinSxS\amd64_microsoft.windows.common-controls_6595b64144ccf1df_6.0.22621.3672_none_2713b9d173822955;E:\HarmonyOs\DevEco Studio\jbr\bin\server

VM Arguments:
jvm_args: -Dfile.encoding=GBK 
java_command: E:\HarmonyOs\DevEco Studio\sdk\HarmonyOS-NEXT-DB2\openharmony\toolchains\lib\app_packing_tool.jar --mode hap --force true --lib-path C:\Users\riyuexingchen\DevEcoStudioProjects\MyApplication\entry\build\default\intermediates\stripped_native_libs\default --json-path C:\Users\riyuexingchen\DevEcoStudioProjects\MyApplication\entry\build\default\intermediates\package\default\module.json --resources-path C:\Users\riyuexingchen\DevEcoStudioProjects\MyApplication\entry\build\default\intermediates\res\default\resources --index-path C:\Users\riyuexingchen\DevEcoStudioProjects\MyApplication\entry\build\default\intermediates\res\default\resources.index --pack-info-path C:\Users\riyuexingchen\DevEcoStudioProjects\MyApplication\entry\build\default\outputs\default\pack.info --out-path C:\Users\riyuexingchen\DevEcoStudioProjects\MyApplication\entry\build\default\outputs\default\entry-default-unsigned.hap --ets-path C:\Users\riyuexingchen\DevEcoStudioProjects\MyApplication\entry\build\default\intermediates\loader_out\default\ets
java_class_path (initial): E:\HarmonyOs\DevEco Studio\sdk\HarmonyOS-NEXT-DB2\openharmony\toolchains\lib\app_packing_tool.jar
Launcher Type: SUN_STANDARD

[Global flags]
     intx CICompilerCount                          = 15                                        {product} {ergonomic}
     uint ConcGCThreads                            = 6                                         {product} {ergonomic}
     uint G1ConcRefinementThreads                  = 23                                        {product} {ergonomic}
   size_t G1HeapRegionSize                         = 2097152                                   {product} {ergonomic}
    uintx GCDrainStackTargetSize                   = 64                                        {product} {ergonomic}
   size_t InitialHeapSize                          = 230686720                                 {product} {ergonomic}
   size_t MarkStackSize                            = 4194304                                   {product} {ergonomic}
   size_t MaxHeapSize                              = 3678404608                                {product} {ergonomic}
   size_t MinHeapDeltaBytes                        = 2097152                                   {product} {ergonomic}
   size_t MinHeapSize                              = 8388608                                   {product} {ergonomic}
    uintx NonNMethodCodeHeapSize                   = 8192380                                {pd product} {ergonomic}
    uintx NonProfiledCodeHeapSize                  = 121732930                              {pd product} {ergonomic}
    uintx ProfiledCodeHeapSize                     = 121732930                              {pd product} {ergonomic}
    uintx ReservedCodeCacheSize                    = 251658240                              {pd product} {ergonomic}
     bool SegmentedCodeCache                       = true                                      {product} {ergonomic}
   size_t SoftMaxHeapSize                          = 3678404608                             {manageable} {ergonomic}
     bool UseCompressedClassPointers               = true                           {product lp64_product} {ergonomic}
     bool UseCompressedOops                        = true                           {product lp64_product} {ergonomic}
     bool UseG1GC                                  = true                                      {product} {ergonomic}
     bool UseLargePagesIndividualAllocation        = false                                  {pd product} {ergonomic}

Logging:
Log output configuration:
 #0: stdout all=warning uptime,level,tags
 #1: stderr all=off uptime,level,tags

Environment Variables:
JAVA_HOME=E:\HarmonyOs\DevEco Studio\jbr
PATH=E:\HarmonyOs\DevEco Studio\jbr\bin;E:/HarmonyOs/DevEco Studio/tools/node;E:\yunyuansheng\bin\;C:\Program Files\Microsoft\jdk-11.0.16.101-hotspot\bin;C:\windows\system32;C:\windows;C:\windows\System32\Wbem;C:\windows\System32\WindowsPowerShell\v1.0\;C:\windows\System32\OpenSSH\;C:\Program Files\NVIDIA Corporation\NVIDIA NvDLISR;C:\Users\Administrator\AppData\Local\Microsoft\WindowsApps;C:\Program Files\HP\OMEN-Broadcast\Common;D:\Windows Kits\10\Windows Performance Toolkit\;D:\EasyShare\x86\;D:\EasyShare\x64\;C:\Program Files (x86)\NVIDIA Corporation\PhysX\Common;D:\;E:\MySQL\MySQL Server 8.0\bin;E:\MySQL\MySQL Shell 8.0\bin\;C:\Users\riyuexingchen\AppData\Local\Microsoft\WindowsApps;C:\Users\riyuexingchen\AppData\Roaming\npm;E:\HarmonyOs\DevEco Studio\tools\node;E:\HarmonyOs\DevEco Studio\jbr\bin;E:\yunyuansheng\bin\;C:\Program Files\Microsoft\jdk-11.0.16.101-hotspot\bin;C:\windows\system32;C:\windows;C:\windows\System32\Wbem;C:\windows\System32\WindowsPowerShell\v1.0\;C:\windows\System32\OpenSSH\;C:\Program Files\NVIDIA Corporation\NVIDIA NvDLISR;C:\Users\Administrator\AppData\Local\Microsoft\WindowsApps;C:\Program Files\HP\OMEN-Broadcast\Common;D:\Windows Kits\10\Windows Performance Toolkit\;D:\EasyShare\x86\;D:\EasyShare\x64\;C:\Program Files (x86)\NVIDIA Corporation\PhysX\Common;D:\;E:\MySQL\MySQL Server 8.0\bin;E:\MySQL\MySQL Shell 8.0\bin\;C:\Users\riyuexingchen\AppData\Local\Microsoft\WindowsApps;C:\Users\riyuexingchen\AppData\Roaming\npm
USERNAME=riyuexingchen
OS=Windows_NT
PROCESSOR_IDENTIFIER=Intel64 Family 6 Model 183 Stepping 1, GenuineIntel
TMP=C:\Users\RIYUEX~1\AppData\Local\Temp
TEMP=C:\Users\RIYUEX~1\AppData\Local\Temp



Periodic native trim disabled

JNI global refs:
JNI global refs: 0, weak refs: 0

JNI global refs memory usage: 0, weak refs: 0

OOME stack traces (most recent first):
Classloader memory used:


---------------  S Y S T E M  ---------------

OS:
 Windows 11 , 64 bit Build 22621 (10.0.22621.3958)
OS uptime: 0 days 7:23 hours
Hyper-V role detected

CPU: total 32 (initial active 32) (16 cores per cpu, 2 threads per core) family 6 model 183 stepping 1 microcode 0x123, cx8, cmov, fxsr, ht, mmx, 3dnowpref, sse, sse2, sse3, ssse3, sse4.1, sse4.2, popcnt, lzcnt, tsc, tscinvbit, avx, avx2, aes, erms, clmul, bmi1, bmi2, adx, sha, fma, vzeroupper, clflush, clflushopt, clwb, hv
Processor Information for processor 0
  Max Mhz: 2200, Current Mhz: 2200, Mhz Limit: 2200
Processor Information for processor 1
  Max Mhz: 2200, Current Mhz: 2200, Mhz Limit: 2200
Processor Information for processor 2
  Max Mhz: 2200, Current Mhz: 2200, Mhz Limit: 2200
Processor Information for processor 3
  Max Mhz: 2200, Current Mhz: 2200, Mhz Limit: 2200
Processor Information for processor 4
  Max Mhz: 2200, Current Mhz: 2200, Mhz Limit: 2200
Processor Information for processor 5
  Max Mhz: 2200, Current Mhz: 2200, Mhz Limit: 2200
Processor Information for processor 6
  Max Mhz: 2200, Current Mhz: 2200, Mhz Limit: 2200
Processor Information for processor 7
  Max Mhz: 2200, Current Mhz: 2200, Mhz Limit: 2200
Processor Information for processor 8
  Max Mhz: 2200, Current Mhz: 2200, Mhz Limit: 2200
Processor Information for processor 9
  Max Mhz: 2200, Current Mhz: 2200, Mhz Limit: 2200
Processor Information for processor 10
  Max Mhz: 2200, Current Mhz: 2200, Mhz Limit: 2200
Processor Information for processor 11
  Max Mhz: 2200, Current Mhz: 2200, Mhz Limit: 2200
Processor Information for processor 12
  Max Mhz: 2200, Current Mhz: 2200, Mhz Limit: 2200
Processor Information for processor 13
  Max Mhz: 2200, Current Mhz: 2200, Mhz Limit: 2200
Processor Information for processor 14
  Max Mhz: 2200, Current Mhz: 2200, Mhz Limit: 2200
Processor Information for processor 15
  Max Mhz: 2200, Current Mhz: 2200, Mhz Limit: 2200
Processor Information for processor 16
  Max Mhz: 2200, Current Mhz: 2200, Mhz Limit: 2200
Processor Information for processor 17
  Max Mhz: 2200, Current Mhz: 1512, Mhz Limit: 2200
Processor Information for processor 18
  Max Mhz: 2200, Current Mhz: 2200, Mhz Limit: 2200
Processor Information for processor 19
  Max Mhz: 2200, Current Mhz: 1512, Mhz Limit: 2200
Processor Information for processor 20
  Max Mhz: 2200, Current Mhz: 2200, Mhz Limit: 2200
Processor Information for processor 21
  Max Mhz: 2200, Current Mhz: 2200, Mhz Limit: 2200
Processor Information for processor 22
  Max Mhz: 2200, Current Mhz: 2200, Mhz Limit: 2200
Processor Information for processor 23
  Max Mhz: 2200, Current Mhz: 2200, Mhz Limit: 2200
Processor Information for processor 24
  Max Mhz: 2200, Current Mhz: 2200, Mhz Limit: 2200
Processor Information for processor 25
  Max Mhz: 2200, Current Mhz: 2200, Mhz Limit: 2200
Processor Information for processor 26
  Max Mhz: 2200, Current Mhz: 2200, Mhz Limit: 2200
Processor Information for processor 27
  Max Mhz: 2200, Current Mhz: 2200, Mhz Limit: 2200
Processor Information for processor 28
  Max Mhz: 2200, Current Mhz: 2200, Mhz Limit: 2200
Processor Information for processor 29
  Max Mhz: 2200, Current Mhz: 2200, Mhz Limit: 2200
Processor Information for processor 30
  Max Mhz: 2200, Current Mhz: 2200, Mhz Limit: 2200
Processor Information for processor 31
  Max Mhz: 2200, Current Mhz: 2200, Mhz Limit: 2200

Memory: 4k page, system-wide physical 14029M (728M free)
TotalPageFile size 29389M (AvailPageFile size 147M)
current process WorkingSet (physical memory assigned to process): 11M, peak: 11M
current process commit charge ("private bytes"): 91M, peak: 311M

vm_info: OpenJDK 64-Bit Server VM (17.0.10+1-b1087.17) for windows-amd64 JRE (17.0.10+1-b1087.17), built on 2024-01-19 by "builduser" with MS VC++ 16.10 / 16.11 (VS2019)

END.
